<?xml version="1.0" encoding="UTF-8"?>
<<<<<<< HEAD
<testsuites name="Mocha Tests" time="17.978" tests="72" failures="21">
  <testsuite name="" timestamp="2024-05-03T20:18:02" tests="72" time="17.976" failures="21">
    <testcase name="HELP: test help method" time="0.002" classname="">
    </testcase>
    <testcase name="HELP: check every endpoint&apos;s other methods" time="0.022" classname="">
    </testcase>
    <testcase name="HELP: check every other endpoint" time="0.004" classname="">
    </testcase>
    <testcase name="IMAGES: test user normal functionality" time="0.752" classname="">
    </testcase>
    <testcase name="IMAGES: test user profile picture upload missing uid" time="0.006" classname="">
    </testcase>
    <testcase name="IMAGES: test user upload missing img" time="0.002" classname="">
    </testcase>
    <testcase name="IMAGES: test user override" time="0.777" classname="">
    </testcase>
    <testcase name="IMAGES: test post normal functionality" time="0.495" classname="">
    </testcase>
    <testcase name="IMAGES: test post profile picture upload missing pid" time="0.004" classname="">
    </testcase>
    <testcase name="IMAGES: test post upload missing img" time="0.002" classname="">
    </testcase>
    <testcase name="IMAGES: test post override" time="0.657" classname="">
    </testcase>
    <testcase name="IMAGES: test user delete normal" time="0.454" classname="">
    </testcase>
    <testcase name="IMAGES: test user delete missing uid" time="0.002" classname="">
    </testcase>
    <testcase name="IMAGES: test post delete normal" time="0.426" classname="">
    </testcase>
    <testcase name="IMAGES: test post delete missing pid" time="0.002" classname="">
    </testcase>
    <testcase name="POST: test select with empty" time="2.003" classname="">
      <failure message="Timeout of 2000ms exceeded. For async tests and hooks, ensure &quot;done()&quot; is called; if returning a Promise, ensure it resolves. (/Users/andrewli/Documents/spring2024/320/WildWhere/backend/test/posts.test.js)" type="Error"><![CDATA[Error: Timeout of 2000ms exceeded. For async tests and hooks, ensure "done()" is called; if returning a Promise, ensure it resolves. (/Users/andrewli/Documents/spring2024/320/WildWhere/backend/test/posts.test.js)
    at listOnTimeout (node:internal/timers:573:17)
    at process.processTimers (node:internal/timers:514:7)]]></failure>
    </testcase>
    <testcase name="POST: test select with too strict constraints" time="2.001" classname="">
      <failure message="Timeout of 2000ms exceeded. For async tests and hooks, ensure &quot;done()&quot; is called; if returning a Promise, ensure it resolves. (/Users/andrewli/Documents/spring2024/320/WildWhere/backend/test/posts.test.js)" type="Error"><![CDATA[Error: Timeout of 2000ms exceeded. For async tests and hooks, ensure "done()" is called; if returning a Promise, ensure it resolves. (/Users/andrewli/Documents/spring2024/320/WildWhere/backend/test/posts.test.js)
    at listOnTimeout (node:internal/timers:573:17)
    at process.processTimers (node:internal/timers:514:7)]]></failure>
    </testcase>
    <testcase name="POST: test select with few constraints" time="0.018" classname="">
    </testcase>
    <testcase name="POST: test select with radius but no coord" time="0.002" classname="">
    </testcase>
    <testcase name="POST: test select with ALL constraints (minus datetime and radius)" time="0.009" classname="">
    </testcase>
    <testcase name="POST: test select with multiple posts" time="0.009" classname="">
    </testcase>
    <testcase name="POST: null radius" time="0.008" classname="">
    </testcase>
    <testcase name="POST: zero radius" time="0.006" classname="">
    </testcase>
    <testcase name="POST: non-zero radius" time="0.010" classname="">
    </testcase>
    <testcase name="POST: after a time" time="0.022" classname="">
    </testcase>
    <testcase name="POST: before a time" time="0.007" classname="">
    </testcase>
    <testcase name="POST: between a time" time="0.007" classname="">
    </testcase>
    <testcase name="POST: camel instead of lowercase times" time="0.007" classname="">
    </testcase>
    <testcase name="POST: lowercase animalName" time="2.002" classname="">
      <failure message="Timeout of 2000ms exceeded. For async tests and hooks, ensure &quot;done()&quot; is called; if returning a Promise, ensure it resolves. (/Users/andrewli/Documents/spring2024/320/WildWhere/backend/test/posts.test.js)" type="Error"><![CDATA[Error: Timeout of 2000ms exceeded. For async tests and hooks, ensure "done()" is called; if returning a Promise, ensure it resolves. (/Users/andrewli/Documents/spring2024/320/WildWhere/backend/test/posts.test.js)
    at listOnTimeout (node:internal/timers:573:17)
    at process.processTimers (node:internal/timers:514:7)]]></failure>
    </testcase>
    <testcase name="POST: test create without uid" time="0.006" classname="">
    </testcase>
    <testcase name="POST: test create without coordinates" time="0.005" classname="">
    </testcase>
    <testcase name="POST: test create with only uid and coordinates" time="0.005" classname="">
    </testcase>
    <testcase name="POST: test create post with all params" time="0.004" classname="">
    </testcase>
    <testcase name="POST: test create with some but not all params" time="0.004" classname="">
    </testcase>
    <testcase name="POST: update post with imgLink" time="0.013" classname="">
      <failure message="Expected values to be strictly deep-equal:
[32m+ actual[39m [31m- expected[39m [34m...[39m Lines skipped

  [
    {
[34m...[39m
      },
      datetime: null,
[32m+[39m     imglink: &apos;https://apwild-v2-in7jjehfpqojoem4br6m4en444sncuse2a-s3alias.s3.us-east-2.amazonaws.com/test_link/undefinedundefined?X-Amz-Algorithm=AWS4-HMAC-SHA256&amp;X-Amz-Content-Sha256=UNSIGNED-PAYLOAD&amp;X-Amz-Credential=AKIAU6GDYUT3VQAT6BM6%2F20240503%2Fus-east-2%2Fs3%2Faws4_request&amp;X-Amz-Date=20240503T201812Z&amp;X-Amz-Expires=900&amp;X-Amz-Signature=80a10d58241c9cbda1db74cdac56065fa3f15738e0e9923a7d649e8e127c72b0&amp;X-Amz-SignedHeaders=host&amp;x-id=GetObject&apos;,
[31m-[39m     imglink: &apos;test_link&apos;,
      pid: &apos;ZiAAl6u8LiNNPPZZ&apos;,
[34m...[39m
      uid: &apos;testUID&apos;
    }
  ]" type="AssertionError"><![CDATA[AssertionError [ERR_ASSERTION]: Expected values to be strictly deep-equal:
[32m+ actual[39m [31m- expected[39m [34m...[39m Lines skipped

  [
    {
[34m...[39m
      },
      datetime: null,
[32m+[39m     imglink: 'https://apwild-v2-in7jjehfpqojoem4br6m4en444sncuse2a-s3alias.s3.us-east-2.amazonaws.com/test_link/undefinedundefined?X-Amz-Algorithm=AWS4-HMAC-SHA256&X-Amz-Content-Sha256=UNSIGNED-PAYLOAD&X-Amz-Credential=AKIAU6GDYUT3VQAT6BM6%2F20240503%2Fus-east-2%2Fs3%2Faws4_request&X-Amz-Date=20240503T201812Z&X-Amz-Expires=900&X-Amz-Signature=80a10d58241c9cbda1db74cdac56065fa3f15738e0e9923a7d649e8e127c72b0&X-Amz-SignedHeaders=host&x-id=GetObject',
[31m-[39m     imglink: 'test_link',
      pid: 'ZiAAl6u8LiNNPPZZ',
[34m...[39m
      uid: 'testUID'
    }
  ]
    at Context.<anonymous> (test/posts.test.js:464:16)
    at process.processTicksAndRejections (node:internal/process/task_queues:95:5)

      + expected - actual

             "x": 2.6
             "y": 7.5
           }
           "datetime": [null]
      -    "imglink": "https://apwild-v2-in7jjehfpqojoem4br6m4en444sncuse2a-s3alias.s3.us-east-2.amazonaws.com/test_link/undefinedundefined?X-Amz-Algorithm=AWS4-HMAC-SHA256&X-Amz-Content-Sha256=UNSIGNED-PAYLOAD&X-Amz-Credential=AKIAU6GDYUT3VQAT6BM6%2F20240503%2Fus-east-2%2Fs3%2Faws4_request&X-Amz-Date=20240503T201812Z&X-Amz-Expires=900&X-Amz-Signature=80a10d58241c9cbda1db74cdac56065fa3f15738e0e9923a7d649e8e127c72b0&X-Amz-SignedHeaders=host&x-id=GetObject"
      +    "imglink": "test_link"
           "pid": "ZiAAl6u8LiNNPPZZ"
           "quantity": [null]
           "uid": "testUID"
         }
      ]]></failure>
    </testcase>
    <testcase name="POST: update post with empty imgLink" time="0.010" classname="">
      <failure message="Expected values to be strictly deep-equal:
[32m+ actual[39m [31m- expected[39m [34m...[39m Lines skipped

  [
    {
[34m...[39m
      },
      datetime: null,
[32m+[39m     imglink: &apos;https://apwild-v2-in7jjehfpqojoem4br6m4en444sncuse2a-s3alias.s3.us-east-2.amazonaws.com//undefinedundefined?X-Amz-Algorithm=AWS4-HMAC-SHA256&amp;X-Amz-Content-Sha256=UNSIGNED-PAYLOAD&amp;X-Amz-Credential=AKIAU6GDYUT3VQAT6BM6%2F20240503%2Fus-east-2%2Fs3%2Faws4_request&amp;X-Amz-Date=20240503T201812Z&amp;X-Amz-Expires=900&amp;X-Amz-Signature=ca99936dcaf956c8f2cfe78c0efbb70c031e888f2fc0021a8976edf822c75cbb&amp;X-Amz-SignedHeaders=host&amp;x-id=GetObject&apos;,
[31m-[39m     imglink: &apos;&apos;,
      pid: &apos;V2KOT6YWmyf62NQG&apos;,
[34m...[39m
      uid: &apos;testUID&apos;
    }
  ]" type="AssertionError"><![CDATA[AssertionError [ERR_ASSERTION]: Expected values to be strictly deep-equal:
[32m+ actual[39m [31m- expected[39m [34m...[39m Lines skipped

  [
    {
[34m...[39m
      },
      datetime: null,
[32m+[39m     imglink: 'https://apwild-v2-in7jjehfpqojoem4br6m4en444sncuse2a-s3alias.s3.us-east-2.amazonaws.com//undefinedundefined?X-Amz-Algorithm=AWS4-HMAC-SHA256&X-Amz-Content-Sha256=UNSIGNED-PAYLOAD&X-Amz-Credential=AKIAU6GDYUT3VQAT6BM6%2F20240503%2Fus-east-2%2Fs3%2Faws4_request&X-Amz-Date=20240503T201812Z&X-Amz-Expires=900&X-Amz-Signature=ca99936dcaf956c8f2cfe78c0efbb70c031e888f2fc0021a8976edf822c75cbb&X-Amz-SignedHeaders=host&x-id=GetObject',
[31m-[39m     imglink: '',
      pid: 'V2KOT6YWmyf62NQG',
[34m...[39m
      uid: 'testUID'
    }
  ]
    at Context.<anonymous> (test/posts.test.js:496:16)
    at process.processTicksAndRejections (node:internal/process/task_queues:95:5)

      + expected - actual

             "x": 0
             "y": 0
           }
           "datetime": [null]
      -    "imglink": "https://apwild-v2-in7jjehfpqojoem4br6m4en444sncuse2a-s3alias.s3.us-east-2.amazonaws.com//undefinedundefined?X-Amz-Algorithm=AWS4-HMAC-SHA256&X-Amz-Content-Sha256=UNSIGNED-PAYLOAD&X-Amz-Credential=AKIAU6GDYUT3VQAT6BM6%2F20240503%2Fus-east-2%2Fs3%2Faws4_request&X-Amz-Date=20240503T201812Z&X-Amz-Expires=900&X-Amz-Signature=ca99936dcaf956c8f2cfe78c0efbb70c031e888f2fc0021a8976edf822c75cbb&X-Amz-SignedHeaders=host&x-id=GetObject"
      +    "imglink": ""
           "pid": "V2KOT6YWmyf62NQG"
           "quantity": [null]
           "uid": "testUID"
         }
      ]]></failure>
    </testcase>
    <testcase name="POST: update post without pid" time="0.003" classname="">
    </testcase>
    <testcase name="POST: update post without updates" time="0.004" classname="">
    </testcase>
    <testcase name="POST: update post, update with camelcase" time="0.007" classname="">
      <failure message="Expected values to be strictly deep-equal:
[32m+ actual[39m [31m- expected[39m [34m...[39m Lines skipped

  [
    {
[34m...[39m
      },
      datetime: null,
[32m+[39m     imglink: &apos;https://apwild-v2-in7jjehfpqojoem4br6m4en444sncuse2a-s3alias.s3.us-east-2.amazonaws.com/tempLink/undefinedundefined?X-Amz-Algorithm=AWS4-HMAC-SHA256&amp;X-Amz-Content-Sha256=UNSIGNED-PAYLOAD&amp;X-Amz-Credential=AKIAU6GDYUT3VQAT6BM6%2F20240503%2Fus-east-2%2Fs3%2Faws4_request&amp;X-Amz-Date=20240503T201812Z&amp;X-Amz-Expires=900&amp;X-Amz-Signature=38dee9db015f311fbf710a247acbdfcc5b510236e64de9ea76448e0c851ab540&amp;X-Amz-SignedHeaders=host&amp;x-id=GetObject&apos;,
[31m-[39m     imglink: &apos;tempLink&apos;,
      pid: &apos;IPH9AyHw42LdnIPN&apos;,
[34m...[39m
      uid: &apos;testUID&apos;
    }
  ]" type="AssertionError"><![CDATA[AssertionError [ERR_ASSERTION]: Expected values to be strictly deep-equal:
[32m+ actual[39m [31m- expected[39m [34m...[39m Lines skipped

  [
    {
[34m...[39m
      },
      datetime: null,
[32m+[39m     imglink: 'https://apwild-v2-in7jjehfpqojoem4br6m4en444sncuse2a-s3alias.s3.us-east-2.amazonaws.com/tempLink/undefinedundefined?X-Amz-Algorithm=AWS4-HMAC-SHA256&X-Amz-Content-Sha256=UNSIGNED-PAYLOAD&X-Amz-Credential=AKIAU6GDYUT3VQAT6BM6%2F20240503%2Fus-east-2%2Fs3%2Faws4_request&X-Amz-Date=20240503T201812Z&X-Amz-Expires=900&X-Amz-Signature=38dee9db015f311fbf710a247acbdfcc5b510236e64de9ea76448e0c851ab540&X-Amz-SignedHeaders=host&x-id=GetObject',
[31m-[39m     imglink: 'tempLink',
      pid: 'IPH9AyHw42LdnIPN',
[34m...[39m
      uid: 'testUID'
    }
  ]
    at Context.<anonymous> (test/posts.test.js:550:16)
    at process.processTicksAndRejections (node:internal/process/task_queues:95:5)

      + expected - actual

             "x": 0
             "y": 0
           }
           "datetime": [null]
      -    "imglink": "https://apwild-v2-in7jjehfpqojoem4br6m4en444sncuse2a-s3alias.s3.us-east-2.amazonaws.com/tempLink/undefinedundefined?X-Amz-Algorithm=AWS4-HMAC-SHA256&X-Amz-Content-Sha256=UNSIGNED-PAYLOAD&X-Amz-Credential=AKIAU6GDYUT3VQAT6BM6%2F20240503%2Fus-east-2%2Fs3%2Faws4_request&X-Amz-Date=20240503T201812Z&X-Amz-Expires=900&X-Amz-Signature=38dee9db015f311fbf710a247acbdfcc5b510236e64de9ea76448e0c851ab540&X-Amz-SignedHeaders=host&x-id=GetObject"
      +    "imglink": "tempLink"
           "pid": "IPH9AyHw42LdnIPN"
           "quantity": [null]
           "uid": "testUID"
         }
      ]]></failure>
    </testcase>
    <testcase name="POST: update post, update with lowercase" time="0.007" classname="">
      <failure message="Expected values to be strictly deep-equal:
[32m+ actual[39m [31m- expected[39m [34m...[39m Lines skipped

  [
    {
[34m...[39m
      },
      datetime: null,
[32m+[39m     imglink: &apos;https://apwild-v2-in7jjehfpqojoem4br6m4en444sncuse2a-s3alias.s3.us-east-2.amazonaws.com/tempLink/undefinedundefined?X-Amz-Algorithm=AWS4-HMAC-SHA256&amp;X-Amz-Content-Sha256=UNSIGNED-PAYLOAD&amp;X-Amz-Credential=AKIAU6GDYUT3VQAT6BM6%2F20240503%2Fus-east-2%2Fs3%2Faws4_request&amp;X-Amz-Date=20240503T201812Z&amp;X-Amz-Expires=900&amp;X-Amz-Signature=38dee9db015f311fbf710a247acbdfcc5b510236e64de9ea76448e0c851ab540&amp;X-Amz-SignedHeaders=host&amp;x-id=GetObject&apos;,
[31m-[39m     imglink: &apos;tempLink&apos;,
      pid: &apos;9cQYNxqf37ggzO3S&apos;,
[34m...[39m
      uid: &apos;testUID&apos;
    }
  ]" type="AssertionError"><![CDATA[AssertionError [ERR_ASSERTION]: Expected values to be strictly deep-equal:
[32m+ actual[39m [31m- expected[39m [34m...[39m Lines skipped

  [
    {
[34m...[39m
      },
      datetime: null,
[32m+[39m     imglink: 'https://apwild-v2-in7jjehfpqojoem4br6m4en444sncuse2a-s3alias.s3.us-east-2.amazonaws.com/tempLink/undefinedundefined?X-Amz-Algorithm=AWS4-HMAC-SHA256&X-Amz-Content-Sha256=UNSIGNED-PAYLOAD&X-Amz-Credential=AKIAU6GDYUT3VQAT6BM6%2F20240503%2Fus-east-2%2Fs3%2Faws4_request&X-Amz-Date=20240503T201812Z&X-Amz-Expires=900&X-Amz-Signature=38dee9db015f311fbf710a247acbdfcc5b510236e64de9ea76448e0c851ab540&X-Amz-SignedHeaders=host&x-id=GetObject',
[31m-[39m     imglink: 'tempLink',
      pid: '9cQYNxqf37ggzO3S',
[34m...[39m
      uid: 'testUID'
    }
  ]
    at Context.<anonymous> (test/posts.test.js:580:16)
    at process.processTicksAndRejections (node:internal/process/task_queues:95:5)

      + expected - actual

             "x": 0
             "y": 0
           }
           "datetime": [null]
      -    "imglink": "https://apwild-v2-in7jjehfpqojoem4br6m4en444sncuse2a-s3alias.s3.us-east-2.amazonaws.com/tempLink/undefinedundefined?X-Amz-Algorithm=AWS4-HMAC-SHA256&X-Amz-Content-Sha256=UNSIGNED-PAYLOAD&X-Amz-Credential=AKIAU6GDYUT3VQAT6BM6%2F20240503%2Fus-east-2%2Fs3%2Faws4_request&X-Amz-Date=20240503T201812Z&X-Amz-Expires=900&X-Amz-Signature=38dee9db015f311fbf710a247acbdfcc5b510236e64de9ea76448e0c851ab540&X-Amz-SignedHeaders=host&x-id=GetObject"
      +    "imglink": "tempLink"
           "pid": "9cQYNxqf37ggzO3S"
           "quantity": [null]
           "uid": "testUID"
         }
      ]]></failure>
    </testcase>
    <testcase name="POST: update post with all" time="0.009" classname="">
      <failure message="Expected values to be strictly deep-equal:
[32m+ actual[39m [31m- expected[39m [34m...[39m Lines skipped

  [
    {
[34m...[39m
      },
      datetime: &apos;1997-12-17T12:37:16.000Z&apos;,
[32m+[39m     imglink: &apos;https://apwild-v2-in7jjehfpqojoem4br6m4en444sncuse2a-s3alias.s3.us-east-2.amazonaws.com/test_link/undefinedundefined?X-Amz-Algorithm=AWS4-HMAC-SHA256&amp;X-Amz-Content-Sha256=UNSIGNED-PAYLOAD&amp;X-Amz-Credential=AKIAU6GDYUT3VQAT6BM6%2F20240503%2Fus-east-2%2Fs3%2Faws4_request&amp;X-Amz-Date=20240503T201812Z&amp;X-Amz-Expires=900&amp;X-Amz-Signature=80a10d58241c9cbda1db74cdac56065fa3f15738e0e9923a7d649e8e127c72b0&amp;X-Amz-SignedHeaders=host&amp;x-id=GetObject&apos;,
[31m-[39m     imglink: &apos;test_link&apos;,
      pid: &apos;k5HDH2S6xugwXZb8&apos;,
[34m...[39m
      uid: &apos;testUID2&apos;
    }
  ]" type="AssertionError"><![CDATA[AssertionError [ERR_ASSERTION]: Expected values to be strictly deep-equal:
[32m+ actual[39m [31m- expected[39m [34m...[39m Lines skipped

  [
    {
[34m...[39m
      },
      datetime: '1997-12-17T12:37:16.000Z',
[32m+[39m     imglink: 'https://apwild-v2-in7jjehfpqojoem4br6m4en444sncuse2a-s3alias.s3.us-east-2.amazonaws.com/test_link/undefinedundefined?X-Amz-Algorithm=AWS4-HMAC-SHA256&X-Amz-Content-Sha256=UNSIGNED-PAYLOAD&X-Amz-Credential=AKIAU6GDYUT3VQAT6BM6%2F20240503%2Fus-east-2%2Fs3%2Faws4_request&X-Amz-Date=20240503T201812Z&X-Amz-Expires=900&X-Amz-Signature=80a10d58241c9cbda1db74cdac56065fa3f15738e0e9923a7d649e8e127c72b0&X-Amz-SignedHeaders=host&x-id=GetObject',
[31m-[39m     imglink: 'test_link',
      pid: 'k5HDH2S6xugwXZb8',
[34m...[39m
      uid: 'testUID2'
    }
  ]
    at Context.<anonymous> (test/posts.test.js:614:16)
    at process.processTicksAndRejections (node:internal/process/task_queues:95:5)

      + expected - actual

             "x": 2.6
             "y": 7.5
           }
           "datetime": "1997-12-17T12:37:16.000Z"
      -    "imglink": "https://apwild-v2-in7jjehfpqojoem4br6m4en444sncuse2a-s3alias.s3.us-east-2.amazonaws.com/test_link/undefinedundefined?X-Amz-Algorithm=AWS4-HMAC-SHA256&X-Amz-Content-Sha256=UNSIGNED-PAYLOAD&X-Amz-Credential=AKIAU6GDYUT3VQAT6BM6%2F20240503%2Fus-east-2%2Fs3%2Faws4_request&X-Amz-Date=20240503T201812Z&X-Amz-Expires=900&X-Amz-Signature=80a10d58241c9cbda1db74cdac56065fa3f15738e0e9923a7d649e8e127c72b0&X-Amz-SignedHeaders=host&x-id=GetObject"
      +    "imglink": "test_link"
           "pid": "k5HDH2S6xugwXZb8"
           "quantity": 34
           "uid": "testUID2"
         }
      ]]></failure>
    </testcase>
    <testcase name="POST: delete post by PID" time="2.002" classname="">
      <failure message="Timeout of 2000ms exceeded. For async tests and hooks, ensure &quot;done()&quot; is called; if returning a Promise, ensure it resolves. (/Users/andrewli/Documents/spring2024/320/WildWhere/backend/test/posts.test.js)" type="Error"><![CDATA[Error: Timeout of 2000ms exceeded. For async tests and hooks, ensure "done()" is called; if returning a Promise, ensure it resolves. (/Users/andrewli/Documents/spring2024/320/WildWhere/backend/test/posts.test.js)
    at listOnTimeout (node:internal/timers:573:17)
    at process.processTimers (node:internal/timers:514:7)]]></failure>
    </testcase>
    <testcase name="POST: delete post by ID where ID not listed" time="0.007" classname="">
    </testcase>
    <testcase name="POST: delete post by without id" time="0.002" classname="">
    </testcase>
    <testcase name="REPORTS: normal functionality with single post" time="0.010" classname="">
      <failure message="relation &quot;reports&quot; does not exist" type="error"><![CDATA[error: relation "reports" does not exist
    at /Users/andrewli/Documents/spring2024/320/WildWhere/backend/node_modules/pg-pool/index.js:45:11
    at process.processTicksAndRejections (node:internal/process/task_queues:95:5)
    at async teardown (test/reports.test.js:25:5)
    at async Context.<anonymous> (test/reports.test.js:30:9)]]></failure>
    </testcase>
    <testcase name="REPORTS: normal functionality too strict" time="0.006" classname="">
      <failure message="relation &quot;reports&quot; does not exist" type="error"><![CDATA[error: relation "reports" does not exist
    at /Users/andrewli/Documents/spring2024/320/WildWhere/backend/node_modules/pg-pool/index.js:45:11
    at process.processTicksAndRejections (node:internal/process/task_queues:95:5)
    at async teardown (test/reports.test.js:25:5)
    at async Context.<anonymous> (test/reports.test.js:51:9)]]></failure>
    </testcase>
    <testcase name="REPORTS: normal functionality multiple posts" time="0.006" classname="">
      <failure message="relation &quot;reports&quot; does not exist" type="error"><![CDATA[error: relation "reports" does not exist
    at /Users/andrewli/Documents/spring2024/320/WildWhere/backend/node_modules/pg-pool/index.js:45:11
    at process.processTicksAndRejections (node:internal/process/task_queues:95:5)
    at async teardown (test/reports.test.js:25:5)
    at async Context.<anonymous> (test/reports.test.js:73:9)]]></failure>
    </testcase>
    <testcase name="REPORTS: normal functionality" time="0.007" classname="">
      <failure message="relation &quot;reports&quot; does not exist" type="error"><![CDATA[error: relation "reports" does not exist
    at /Users/andrewli/Documents/spring2024/320/WildWhere/backend/node_modules/pg-pool/index.js:45:11
    at process.processTicksAndRejections (node:internal/process/task_queues:95:5)
    at async teardown (test/reports.test.js:25:5)
    at async Context.<anonymous> (test/reports.test.js:105:9)]]></failure>
    </testcase>
    <testcase name="REPORTS: missing pid" time="0.005" classname="">
      <failure message="relation &quot;reports&quot; does not exist" type="error"><![CDATA[error: relation "reports" does not exist
    at /Users/andrewli/Documents/spring2024/320/WildWhere/backend/node_modules/pg-pool/index.js:45:11
    at process.processTicksAndRejections (node:internal/process/task_queues:95:5)
    at async teardown (test/reports.test.js:25:5)
    at async Context.<anonymous> (test/reports.test.js:118:9)]]></failure>
    </testcase>
    <testcase name="REPORTS: missing uid" time="0.005" classname="">
      <failure message="relation &quot;reports&quot; does not exist" type="error"><![CDATA[error: relation "reports" does not exist
    at /Users/andrewli/Documents/spring2024/320/WildWhere/backend/node_modules/pg-pool/index.js:45:11
    at process.processTicksAndRejections (node:internal/process/task_queues:95:5)
    at async teardown (test/reports.test.js:25:5)
    at async Context.<anonymous> (test/reports.test.js:131:9)]]></failure>
    </testcase>
    <testcase name="REPORTS: missing reason" time="0.005" classname="">
      <failure message="relation &quot;reports&quot; does not exist" type="error"><![CDATA[error: relation "reports" does not exist
    at /Users/andrewli/Documents/spring2024/320/WildWhere/backend/node_modules/pg-pool/index.js:45:11
    at process.processTicksAndRejections (node:internal/process/task_queues:95:5)
    at async teardown (test/reports.test.js:25:5)
    at async Context.<anonymous> (test/reports.test.js:144:9)]]></failure>
    </testcase>
    <testcase name="USER: test select with empty" time="2.002" classname="">
      <failure message="Timeout of 2000ms exceeded. For async tests and hooks, ensure &quot;done()&quot; is called; if returning a Promise, ensure it resolves. (/Users/andrewli/Documents/spring2024/320/WildWhere/backend/test/users.test.js)" type="Error"><![CDATA[Error: Timeout of 2000ms exceeded. For async tests and hooks, ensure "done()" is called; if returning a Promise, ensure it resolves. (/Users/andrewli/Documents/spring2024/320/WildWhere/backend/test/users.test.js)
    at listOnTimeout (node:internal/timers:573:17)
    at process.processTimers (node:internal/timers:514:7)]]></failure>
    </testcase>
    <testcase name="USER: test select with no matching criteria" time="2.002" classname="">
      <failure message="Timeout of 2000ms exceeded. For async tests and hooks, ensure &quot;done()&quot; is called; if returning a Promise, ensure it resolves. (/Users/andrewli/Documents/spring2024/320/WildWhere/backend/test/users.test.js)" type="Error"><![CDATA[Error: Timeout of 2000ms exceeded. For async tests and hooks, ensure "done()" is called; if returning a Promise, ensure it resolves. (/Users/andrewli/Documents/spring2024/320/WildWhere/backend/test/users.test.js)
    at listOnTimeout (node:internal/timers:573:17)
    at process.processTimers (node:internal/timers:514:7)]]></failure>
    </testcase>
    <testcase name="USER: test select with some constraints" time="0.014" classname="">
    </testcase>
    <testcase name="USER: test select with ALL constraints" time="0.022" classname="">
    </testcase>
    <testcase name="USER: test select with many users" time="0.008" classname="">
    </testcase>
    <testcase name="USER: test create" time="0.003" classname="">
    </testcase>
    <testcase name="USER: test create without uid" time="0.002" classname="">
    </testcase>
    <testcase name="USER: test create with all params" time="0.006" classname="">
      <failure message="Expected values to be strictly deep-equal:
[32m+ actual[39m [31m- expected[39m [34m...[39m Lines skipped

  [
    {
      bio: &apos;bio&apos;,
      colorblindrating: 2,
      email: &apos;jj@umass.edu&apos;,
[32m+[39m     imglink: &apos;https://apwild-v2-in7jjehfpqojoem4br6m4en444sncuse2a-s3alias.s3.us-east-2.amazonaws.com/just%20a%20link%20rn/undefinedundefined?X-Amz-Algorithm=AWS4-HMAC-SHA256&amp;X-Amz-Content-Sha256=UNSIGNED-PAYLOAD&amp;X-Amz-Credential=AKIAU6GDYUT3VQAT6BM6%2F20240503%2Fus-east-2%2Fs3%2Faws4_request&amp;X-Amz-Date=20240503T201818Z&amp;X-Amz-Expires=900&amp;X-Amz-Signature=f388655afd0be29b4fd07901cd147d54b16fa6631a22fc5eb9f6f2511b6b41fd&amp;X-Amz-SignedHeaders=host&amp;x-id=GetObject&apos;,
[31m-[39m     imglink: &apos;just a link rn&apos;,
      locationperm: false,
[34m...[39m
      username: &apos;jamesbarr&apos;
    }
  ]" type="AssertionError"><![CDATA[AssertionError [ERR_ASSERTION]: Expected values to be strictly deep-equal:
[32m+ actual[39m [31m- expected[39m [34m...[39m Lines skipped

  [
    {
      bio: 'bio',
      colorblindrating: 2,
      email: 'jj@umass.edu',
[32m+[39m     imglink: 'https://apwild-v2-in7jjehfpqojoem4br6m4en444sncuse2a-s3alias.s3.us-east-2.amazonaws.com/just%20a%20link%20rn/undefinedundefined?X-Amz-Algorithm=AWS4-HMAC-SHA256&X-Amz-Content-Sha256=UNSIGNED-PAYLOAD&X-Amz-Credential=AKIAU6GDYUT3VQAT6BM6%2F20240503%2Fus-east-2%2Fs3%2Faws4_request&X-Amz-Date=20240503T201818Z&X-Amz-Expires=900&X-Amz-Signature=f388655afd0be29b4fd07901cd147d54b16fa6631a22fc5eb9f6f2511b6b41fd&X-Amz-SignedHeaders=host&x-id=GetObject',
[31m-[39m     imglink: 'just a link rn',
      locationperm: false,
[34m...[39m
      username: 'jamesbarr'
    }
  ]
    at Context.<anonymous> (test/users.test.js:191:16)
    at process.processTicksAndRejections (node:internal/process/task_queues:95:5)

      + expected - actual

         {
           "bio": "bio"
           "colorblindrating": 2
           "email": "jj@umass.edu"
      -    "imglink": "https://apwild-v2-in7jjehfpqojoem4br6m4en444sncuse2a-s3alias.s3.us-east-2.amazonaws.com/just%20a%20link%20rn/undefinedundefined?X-Amz-Algorithm=AWS4-HMAC-SHA256&X-Amz-Content-Sha256=UNSIGNED-PAYLOAD&X-Amz-Credential=AKIAU6GDYUT3VQAT6BM6%2F20240503%2Fus-east-2%2Fs3%2Faws4_request&X-Amz-Date=20240503T201818Z&X-Amz-Expires=900&X-Amz-Signature=f388655afd0be29b4fd07901cd147d54b16fa6631a22fc5eb9f6f2511b6b41fd&X-Amz-SignedHeaders=host&x-id=GetObject"
      +    "imglink": "just a link rn"
           "locationperm": false
           "notificationperm": true
           "superuser": false
           "uid": "345"
      ]]></failure>
    </testcase>
    <testcase name="USER: test create with camel case qualifiers" time="0.004" classname="">
    </testcase>
    <testcase name="USER: test create with lower case qualifiers" time="0.004" classname="">
    </testcase>
    <testcase name="USER: test create with some but not all params" time="0.002" classname="">
    </testcase>
    <testcase name="USER: update user with email" time="0.006" classname="">
    </testcase>
    <testcase name="USER: update user, set field to empty string" time="0.004" classname="">
    </testcase>
    <testcase name="USER: update user, update all fields" time="0.005" classname="">
      <failure message="Expected values to be strictly deep-equal:
[32m+ actual[39m [31m- expected[39m [34m...[39m Lines skipped

  [
    {
      bio: &apos;c&apos;,
      colorblindrating: 10,
      email: &apos;a&apos;,
[32m+[39m     imglink: &apos;https://apwild-v2-in7jjehfpqojoem4br6m4en444sncuse2a-s3alias.s3.us-east-2.amazonaws.com/d/undefinedundefined?X-Amz-Algorithm=AWS4-HMAC-SHA256&amp;X-Amz-Content-Sha256=UNSIGNED-PAYLOAD&amp;X-Amz-Credential=AKIAU6GDYUT3VQAT6BM6%2F20240503%2Fus-east-2%2Fs3%2Faws4_request&amp;X-Amz-Date=20240503T201818Z&amp;X-Amz-Expires=900&amp;X-Amz-Signature=382b616a4935c0c5466217a06cd832f5b3c4385d8dafb593b5b020b32508e392&amp;X-Amz-SignedHeaders=host&amp;x-id=GetObject&apos;,
[31m-[39m     imglink: &apos;d&apos;,
      locationperm: true,
[34m...[39m
      username: &apos;b&apos;
    }
  ]" type="AssertionError"><![CDATA[AssertionError [ERR_ASSERTION]: Expected values to be strictly deep-equal:
[32m+ actual[39m [31m- expected[39m [34m...[39m Lines skipped

  [
    {
      bio: 'c',
      colorblindrating: 10,
      email: 'a',
[32m+[39m     imglink: 'https://apwild-v2-in7jjehfpqojoem4br6m4en444sncuse2a-s3alias.s3.us-east-2.amazonaws.com/d/undefinedundefined?X-Amz-Algorithm=AWS4-HMAC-SHA256&X-Amz-Content-Sha256=UNSIGNED-PAYLOAD&X-Amz-Credential=AKIAU6GDYUT3VQAT6BM6%2F20240503%2Fus-east-2%2Fs3%2Faws4_request&X-Amz-Date=20240503T201818Z&X-Amz-Expires=900&X-Amz-Signature=382b616a4935c0c5466217a06cd832f5b3c4385d8dafb593b5b020b32508e392&X-Amz-SignedHeaders=host&x-id=GetObject',
[31m-[39m     imglink: 'd',
      locationperm: true,
[34m...[39m
      username: 'b'
    }
  ]
    at Context.<anonymous> (test/users.test.js:346:16)
    at process.processTicksAndRejections (node:internal/process/task_queues:95:5)

      + expected - actual

         {
           "bio": "c"
           "colorblindrating": 10
           "email": "a"
      -    "imglink": "https://apwild-v2-in7jjehfpqojoem4br6m4en444sncuse2a-s3alias.s3.us-east-2.amazonaws.com/d/undefinedundefined?X-Amz-Algorithm=AWS4-HMAC-SHA256&X-Amz-Content-Sha256=UNSIGNED-PAYLOAD&X-Amz-Credential=AKIAU6GDYUT3VQAT6BM6%2F20240503%2Fus-east-2%2Fs3%2Faws4_request&X-Amz-Date=20240503T201818Z&X-Amz-Expires=900&X-Amz-Signature=382b616a4935c0c5466217a06cd832f5b3c4385d8dafb593b5b020b32508e392&X-Amz-SignedHeaders=host&x-id=GetObject"
      +    "imglink": "d"
           "locationperm": true
           "notificationperm": true
           "superuser": true
           "uid": "testUID"
      ]]></failure>
    </testcase>
    <testcase name="USER: update user, update with camelcase" time="0.005" classname="">
    </testcase>
    <testcase name="USER: update user, update with lowercase" time="0.004" classname="">
    </testcase>
    <testcase name="USER: update user without updates" time="0.002" classname="">
    </testcase>
    <testcase name="USER: update user without uid" time="0.003" classname="">
    </testcase>
    <testcase name="USER: delete user by ID" time="2.002" classname="">
      <failure message="Timeout of 2000ms exceeded. For async tests and hooks, ensure &quot;done()&quot; is called; if returning a Promise, ensure it resolves. (/Users/andrewli/Documents/spring2024/320/WildWhere/backend/test/users.test.js)" type="Error"><![CDATA[Error: Timeout of 2000ms exceeded. For async tests and hooks, ensure "done()" is called; if returning a Promise, ensure it resolves. (/Users/andrewli/Documents/spring2024/320/WildWhere/backend/test/users.test.js)
    at listOnTimeout (node:internal/timers:573:17)
    at process.processTimers (node:internal/timers:514:7)]]></failure>
    </testcase>
    <testcase name="USER: delete user by ID where ID not listed" time="0.006" classname="">
    </testcase>
    <testcase name="USER: delete user by ID without uid" time="0.003" classname="">
=======
<testsuites name="Mocha Tests" time="1.788" tests="72" failures="63">
  <testsuite name="" timestamp="2024-05-01T23:14:19" tests="72" time="1.788" failures="63">
    <testcase name="HELP: test help method" time="0.001" classname="">
    </testcase>
    <testcase name="HELP: check every endpoint&apos;s other methods" time="0.044" classname="">
    </testcase>
    <testcase name="HELP: check every other endpoint" time="0.011" classname="">
    </testcase>
    <testcase name="IMAGES: test user normal functionality" time="0.034" classname="">
      <failure message="password authentication failed for user &quot;andrewli&quot;" type="error"><![CDATA[error: password authentication failed for user "andrewli"
    at C:\Users\datmu\Documents\wildwhere\WildWhere\backend\node_modules\pg-pool\index.js:45:11
    at process.processTicksAndRejections (node:internal/process/task_queues:95:5)
    at async teardown (test\images.test.js:21:5)
    at async Context.<anonymous> (test\images.test.js:28:9)]]></failure>
    </testcase>
    <testcase name="IMAGES: test user profile picture upload missing uid" time="0.008" classname="">
    </testcase>
    <testcase name="IMAGES: test user upload missing img" time="0.002" classname="">
    </testcase>
    <testcase name="IMAGES: test user override" time="0.027" classname="">
      <failure message="password authentication failed for user &quot;andrewli&quot;" type="error"><![CDATA[error: password authentication failed for user "andrewli"
    at C:\Users\datmu\Documents\wildwhere\WildWhere\backend\node_modules\pg-pool\index.js:45:11
    at process.processTicksAndRejections (node:internal/process/task_queues:95:5)
    at async teardown (test\images.test.js:21:5)
    at async Context.<anonymous> (test\images.test.js:65:9)]]></failure>
    </testcase>
    <testcase name="IMAGES: test post normal functionality" time="0.026" classname="">
      <failure message="password authentication failed for user &quot;andrewli&quot;" type="error"><![CDATA[error: password authentication failed for user "andrewli"
    at C:\Users\datmu\Documents\wildwhere\WildWhere\backend\node_modules\pg-pool\index.js:45:11
    at process.processTicksAndRejections (node:internal/process/task_queues:95:5)
    at async teardown (test\images.test.js:21:5)
    at async Context.<anonymous> (test\images.test.js:96:9)]]></failure>
    </testcase>
    <testcase name="IMAGES: test post profile picture upload missing pid" time="0.005" classname="">
    </testcase>
    <testcase name="IMAGES: test post upload missing img" time="0.003" classname="">
    </testcase>
    <testcase name="IMAGES: test post override" time="0.026" classname="">
      <failure message="password authentication failed for user &quot;andrewli&quot;" type="error"><![CDATA[error: password authentication failed for user "andrewli"
    at C:\Users\datmu\Documents\wildwhere\WildWhere\backend\node_modules\pg-pool\index.js:45:11
    at process.processTicksAndRejections (node:internal/process/task_queues:95:5)
    at async teardown (test\images.test.js:21:5)
    at async Context.<anonymous> (test\images.test.js:130:9)]]></failure>
    </testcase>
    <testcase name="IMAGES: test user delete normal" time="0.027" classname="">
      <failure message="password authentication failed for user &quot;andrewli&quot;" type="error"><![CDATA[error: password authentication failed for user "andrewli"
    at C:\Users\datmu\Documents\wildwhere\WildWhere\backend\node_modules\pg-pool\index.js:45:11
    at process.processTicksAndRejections (node:internal/process/task_queues:95:5)
    at async teardown (test\images.test.js:21:5)
    at async Context.<anonymous> (test\images.test.js:163:9)]]></failure>
    </testcase>
    <testcase name="IMAGES: test user delete missing uid" time="0.003" classname="">
    </testcase>
    <testcase name="IMAGES: test post delete normal" time="0.026" classname="">
      <failure message="password authentication failed for user &quot;andrewli&quot;" type="error"><![CDATA[error: password authentication failed for user "andrewli"
    at C:\Users\datmu\Documents\wildwhere\WildWhere\backend\node_modules\pg-pool\index.js:45:11
    at process.processTicksAndRejections (node:internal/process/task_queues:95:5)
    at async teardown (test\images.test.js:21:5)
    at async Context.<anonymous> (test\images.test.js:191:9)]]></failure>
    </testcase>
    <testcase name="IMAGES: test post delete missing pid" time="0.003" classname="">
    </testcase>
    <testcase name="POST: test select with empty" time="0.026" classname="">
      <failure message="password authentication failed for user &quot;andrewli&quot;" type="error"><![CDATA[error: password authentication failed for user "andrewli"
    at C:\Users\datmu\Documents\wildwhere\WildWhere\backend\node_modules\pg-pool\index.js:45:11
    at process.processTicksAndRejections (node:internal/process/task_queues:95:5)
    at async teardown (test\posts.test.js:24:5)
    at async Context.<anonymous> (test\posts.test.js:31:9)]]></failure>
    </testcase>
    <testcase name="POST: test select with too strict constraints" time="0.026" classname="">
      <failure message="password authentication failed for user &quot;andrewli&quot;" type="error"><![CDATA[error: password authentication failed for user "andrewli"
    at C:\Users\datmu\Documents\wildwhere\WildWhere\backend\node_modules\pg-pool\index.js:45:11
    at process.processTicksAndRejections (node:internal/process/task_queues:95:5)
    at async teardown (test\posts.test.js:24:5)
    at async Context.<anonymous> (test\posts.test.js:39:9)]]></failure>
    </testcase>
    <testcase name="POST: test select with few constraints" time="0.026" classname="">
      <failure message="password authentication failed for user &quot;andrewli&quot;" type="error"><![CDATA[error: password authentication failed for user "andrewli"
    at C:\Users\datmu\Documents\wildwhere\WildWhere\backend\node_modules\pg-pool\index.js:45:11
    at process.processTicksAndRejections (node:internal/process/task_queues:95:5)
    at async teardown (test\posts.test.js:24:5)
    at async Context.<anonymous> (test\posts.test.js:54:9)]]></failure>
    </testcase>
    <testcase name="POST: test select with radius but no coord" time="0.027" classname="">
      <failure message="password authentication failed for user &quot;andrewli&quot;" type="error"><![CDATA[error: password authentication failed for user "andrewli"
    at C:\Users\datmu\Documents\wildwhere\WildWhere\backend\node_modules\pg-pool\index.js:45:11
    at process.processTicksAndRejections (node:internal/process/task_queues:95:5)
    at async teardown (test\posts.test.js:24:5)
    at async Context.<anonymous> (test\posts.test.js:80:9)]]></failure>
    </testcase>
    <testcase name="POST: test select with ALL constraints (minus datetime and radius)" time="0.028" classname="">
      <failure message="password authentication failed for user &quot;andrewli&quot;" type="error"><![CDATA[error: password authentication failed for user "andrewli"
    at C:\Users\datmu\Documents\wildwhere\WildWhere\backend\node_modules\pg-pool\index.js:45:11
    at process.processTicksAndRejections (node:internal/process/task_queues:95:5)
    at async teardown (test\posts.test.js:24:5)
    at async Context.<anonymous> (test\posts.test.js:89:9)]]></failure>
    </testcase>
    <testcase name="POST: test select with multiple posts" time="0.029" classname="">
      <failure message="password authentication failed for user &quot;andrewli&quot;" type="error"><![CDATA[error: password authentication failed for user "andrewli"
    at C:\Users\datmu\Documents\wildwhere\WildWhere\backend\node_modules\pg-pool\index.js:45:11
    at process.processTicksAndRejections (node:internal/process/task_queues:95:5)
    at async teardown (test\posts.test.js:24:5)
    at async Context.<anonymous> (test\posts.test.js:115:9)]]></failure>
    </testcase>
    <testcase name="POST: null radius" time="0.027" classname="">
      <failure message="password authentication failed for user &quot;andrewli&quot;" type="error"><![CDATA[error: password authentication failed for user "andrewli"
    at C:\Users\datmu\Documents\wildwhere\WildWhere\backend\node_modules\pg-pool\index.js:45:11
    at process.processTicksAndRejections (node:internal/process/task_queues:95:5)
    at async teardown (test\posts.test.js:24:5)
    at async Context.<anonymous> (test\posts.test.js:152:9)]]></failure>
    </testcase>
    <testcase name="POST: zero radius" time="0.028" classname="">
      <failure message="password authentication failed for user &quot;andrewli&quot;" type="error"><![CDATA[error: password authentication failed for user "andrewli"
    at C:\Users\datmu\Documents\wildwhere\WildWhere\backend\node_modules\pg-pool\index.js:45:11
    at process.processTicksAndRejections (node:internal/process/task_queues:95:5)
    at async teardown (test\posts.test.js:24:5)
    at async Context.<anonymous> (test\posts.test.js:179:9)]]></failure>
    </testcase>
    <testcase name="POST: non-zero radius" time="0.027" classname="">
      <failure message="password authentication failed for user &quot;andrewli&quot;" type="error"><![CDATA[error: password authentication failed for user "andrewli"
    at C:\Users\datmu\Documents\wildwhere\WildWhere\backend\node_modules\pg-pool\index.js:45:11
    at process.processTicksAndRejections (node:internal/process/task_queues:95:5)
    at async teardown (test\posts.test.js:24:5)
    at async Context.<anonymous> (test\posts.test.js:206:9)]]></failure>
    </testcase>
    <testcase name="POST: after a time" time="0.027" classname="">
      <failure message="password authentication failed for user &quot;andrewli&quot;" type="error"><![CDATA[error: password authentication failed for user "andrewli"
    at C:\Users\datmu\Documents\wildwhere\WildWhere\backend\node_modules\pg-pool\index.js:45:11
    at process.processTicksAndRejections (node:internal/process/task_queues:95:5)
    at async teardown (test\posts.test.js:24:5)
    at async Context.<anonymous> (test\posts.test.js:257:9)]]></failure>
    </testcase>
    <testcase name="POST: before a time" time="0.026" classname="">
      <failure message="password authentication failed for user &quot;andrewli&quot;" type="error"><![CDATA[error: password authentication failed for user "andrewli"
    at C:\Users\datmu\Documents\wildwhere\WildWhere\backend\node_modules\pg-pool\index.js:45:11
    at process.processTicksAndRejections (node:internal/process/task_queues:95:5)
    at async teardown (test\posts.test.js:24:5)
    at async Context.<anonymous> (test\posts.test.js:284:9)]]></failure>
    </testcase>
    <testcase name="POST: between a time" time="0.027" classname="">
      <failure message="password authentication failed for user &quot;andrewli&quot;" type="error"><![CDATA[error: password authentication failed for user "andrewli"
    at C:\Users\datmu\Documents\wildwhere\WildWhere\backend\node_modules\pg-pool\index.js:45:11
    at process.processTicksAndRejections (node:internal/process/task_queues:95:5)
    at async teardown (test\posts.test.js:24:5)
    at async Context.<anonymous> (test\posts.test.js:311:9)]]></failure>
    </testcase>
    <testcase name="POST: camel instead of lowercase times" time="0.028" classname="">
      <failure message="password authentication failed for user &quot;andrewli&quot;" type="error"><![CDATA[error: password authentication failed for user "andrewli"
    at C:\Users\datmu\Documents\wildwhere\WildWhere\backend\node_modules\pg-pool\index.js:45:11
    at process.processTicksAndRejections (node:internal/process/task_queues:95:5)
    at async teardown (test\posts.test.js:24:5)
    at async Context.<anonymous> (test\posts.test.js:339:9)]]></failure>
    </testcase>
    <testcase name="POST: lowercase animalName" time="0.027" classname="">
      <failure message="password authentication failed for user &quot;andrewli&quot;" type="error"><![CDATA[error: password authentication failed for user "andrewli"
    at C:\Users\datmu\Documents\wildwhere\WildWhere\backend\node_modules\pg-pool\index.js:45:11
    at process.processTicksAndRejections (node:internal/process/task_queues:95:5)
    at async teardown (test\posts.test.js:24:5)
    at async Context.<anonymous> (test\posts.test.js:366:9)]]></failure>
    </testcase>
    <testcase name="POST: test create without uid" time="0.027" classname="">
      <failure message="password authentication failed for user &quot;andrewli&quot;" type="error"><![CDATA[error: password authentication failed for user "andrewli"
    at C:\Users\datmu\Documents\wildwhere\WildWhere\backend\node_modules\pg-pool\index.js:45:11
    at process.processTicksAndRejections (node:internal/process/task_queues:95:5)
    at async teardown (test\posts.test.js:24:5)
    at async Context.<anonymous> (test\posts.test.js:396:9)]]></failure>
    </testcase>
    <testcase name="POST: test create without coordinates" time="0.027" classname="">
      <failure message="password authentication failed for user &quot;andrewli&quot;" type="error"><![CDATA[error: password authentication failed for user "andrewli"
    at C:\Users\datmu\Documents\wildwhere\WildWhere\backend\node_modules\pg-pool\index.js:45:11
    at process.processTicksAndRejections (node:internal/process/task_queues:95:5)
    at async teardown (test\posts.test.js:24:5)
    at async Context.<anonymous> (test\posts.test.js:403:9)]]></failure>
    </testcase>
    <testcase name="POST: test create with only uid and coordinates" time="0.027" classname="">
      <failure message="password authentication failed for user &quot;andrewli&quot;" type="error"><![CDATA[error: password authentication failed for user "andrewli"
    at C:\Users\datmu\Documents\wildwhere\WildWhere\backend\node_modules\pg-pool\index.js:45:11
    at process.processTicksAndRejections (node:internal/process/task_queues:95:5)
    at async teardown (test\posts.test.js:24:5)
    at async Context.<anonymous> (test\posts.test.js:414:9)]]></failure>
    </testcase>
    <testcase name="POST: test create post with all params" time="0.027" classname="">
      <failure message="password authentication failed for user &quot;andrewli&quot;" type="error"><![CDATA[error: password authentication failed for user "andrewli"
    at C:\Users\datmu\Documents\wildwhere\WildWhere\backend\node_modules\pg-pool\index.js:45:11
    at process.processTicksAndRejections (node:internal/process/task_queues:95:5)
    at async teardown (test\posts.test.js:24:5)
    at async Context.<anonymous> (test\posts.test.js:425:9)]]></failure>
    </testcase>
    <testcase name="POST: test create with some but not all params" time="0.027" classname="">
      <failure message="password authentication failed for user &quot;andrewli&quot;" type="error"><![CDATA[error: password authentication failed for user "andrewli"
    at C:\Users\datmu\Documents\wildwhere\WildWhere\backend\node_modules\pg-pool\index.js:45:11
    at process.processTicksAndRejections (node:internal/process/task_queues:95:5)
    at async teardown (test\posts.test.js:24:5)
    at async Context.<anonymous> (test\posts.test.js:437:5)]]></failure>
    </testcase>
    <testcase name="POST: update post with imgLink" time="0.027" classname="">
      <failure message="password authentication failed for user &quot;andrewli&quot;" type="error"><![CDATA[error: password authentication failed for user "andrewli"
    at C:\Users\datmu\Documents\wildwhere\WildWhere\backend\node_modules\pg-pool\index.js:45:11
    at process.processTicksAndRejections (node:internal/process/task_queues:95:5)
    at async teardown (test\posts.test.js:24:5)
    at async Context.<anonymous> (test\posts.test.js:450:9)]]></failure>
    </testcase>
    <testcase name="POST: update post with empty imgLink" time="0.027" classname="">
      <failure message="password authentication failed for user &quot;andrewli&quot;" type="error"><![CDATA[error: password authentication failed for user "andrewli"
    at C:\Users\datmu\Documents\wildwhere\WildWhere\backend\node_modules\pg-pool\index.js:45:11
    at process.processTicksAndRejections (node:internal/process/task_queues:95:5)
    at async teardown (test\posts.test.js:24:5)
    at async Context.<anonymous> (test\posts.test.js:481:9)]]></failure>
    </testcase>
    <testcase name="POST: update post without pid" time="0.027" classname="">
      <failure message="password authentication failed for user &quot;andrewli&quot;" type="error"><![CDATA[error: password authentication failed for user "andrewli"
    at C:\Users\datmu\Documents\wildwhere\WildWhere\backend\node_modules\pg-pool\index.js:45:11
    at process.processTicksAndRejections (node:internal/process/task_queues:95:5)
    at async teardown (test\posts.test.js:24:5)
    at async Context.<anonymous> (test\posts.test.js:513:9)]]></failure>
    </testcase>
    <testcase name="POST: update post without updates" time="0.027" classname="">
      <failure message="password authentication failed for user &quot;andrewli&quot;" type="error"><![CDATA[error: password authentication failed for user "andrewli"
    at C:\Users\datmu\Documents\wildwhere\WildWhere\backend\node_modules\pg-pool\index.js:45:11
    at process.processTicksAndRejections (node:internal/process/task_queues:95:5)
    at async teardown (test\posts.test.js:24:5)
    at async Context.<anonymous> (test\posts.test.js:524:9)]]></failure>
    </testcase>
    <testcase name="POST: update post, update with camelcase" time="0.026" classname="">
      <failure message="password authentication failed for user &quot;andrewli&quot;" type="error"><![CDATA[error: password authentication failed for user "andrewli"
    at C:\Users\datmu\Documents\wildwhere\WildWhere\backend\node_modules\pg-pool\index.js:45:11
    at process.processTicksAndRejections (node:internal/process/task_queues:95:5)
    at async teardown (test\posts.test.js:24:5)
    at async Context.<anonymous> (test\posts.test.js:538:9)]]></failure>
    </testcase>
    <testcase name="POST: update post, update with lowercase" time="0.026" classname="">
      <failure message="password authentication failed for user &quot;andrewli&quot;" type="error"><![CDATA[error: password authentication failed for user "andrewli"
    at C:\Users\datmu\Documents\wildwhere\WildWhere\backend\node_modules\pg-pool\index.js:45:11
    at process.processTicksAndRejections (node:internal/process/task_queues:95:5)
    at async teardown (test\posts.test.js:24:5)
    at async Context.<anonymous> (test\posts.test.js:567:9)]]></failure>
    </testcase>
    <testcase name="POST: update post with all" time="0.026" classname="">
      <failure message="password authentication failed for user &quot;andrewli&quot;" type="error"><![CDATA[error: password authentication failed for user "andrewli"
    at C:\Users\datmu\Documents\wildwhere\WildWhere\backend\node_modules\pg-pool\index.js:45:11
    at process.processTicksAndRejections (node:internal/process/task_queues:95:5)
    at async teardown (test\posts.test.js:24:5)
    at async Context.<anonymous> (test\posts.test.js:597:9)]]></failure>
    </testcase>
    <testcase name="POST: delete post by PID" time="0.027" classname="">
      <failure message="password authentication failed for user &quot;andrewli&quot;" type="error"><![CDATA[error: password authentication failed for user "andrewli"
    at C:\Users\datmu\Documents\wildwhere\WildWhere\backend\node_modules\pg-pool\index.js:45:11
    at process.processTicksAndRejections (node:internal/process/task_queues:95:5)
    at async teardown (test\posts.test.js:24:5)
    at async Context.<anonymous> (test\posts.test.js:633:9)]]></failure>
    </testcase>
    <testcase name="POST: delete post by ID where ID not listed" time="0.027" classname="">
      <failure message="password authentication failed for user &quot;andrewli&quot;" type="error"><![CDATA[error: password authentication failed for user "andrewli"
    at C:\Users\datmu\Documents\wildwhere\WildWhere\backend\node_modules\pg-pool\index.js:45:11
    at process.processTicksAndRejections (node:internal/process/task_queues:95:5)
    at async teardown (test\posts.test.js:24:5)
    at async Context.<anonymous> (test\posts.test.js:651:9)]]></failure>
    </testcase>
    <testcase name="POST: delete post by without id" time="0.026" classname="">
      <failure message="password authentication failed for user &quot;andrewli&quot;" type="error"><![CDATA[error: password authentication failed for user "andrewli"
    at C:\Users\datmu\Documents\wildwhere\WildWhere\backend\node_modules\pg-pool\index.js:45:11
    at process.processTicksAndRejections (node:internal/process/task_queues:95:5)
    at async teardown (test\posts.test.js:24:5)
    at async Context.<anonymous> (test\posts.test.js:659:9)]]></failure>
    </testcase>
    <testcase name="REPORTS: normal functionality with single post" time="0.026" classname="">
      <failure message="password authentication failed for user &quot;andrewli&quot;" type="error"><![CDATA[error: password authentication failed for user "andrewli"
    at C:\Users\datmu\Documents\wildwhere\WildWhere\backend\node_modules\pg-pool\index.js:45:11
    at process.processTicksAndRejections (node:internal/process/task_queues:95:5)
    at async teardown (test\reports.test.js:23:5)
    at async Context.<anonymous> (test\reports.test.js:30:9)]]></failure>
    </testcase>
    <testcase name="REPORTS: normal functionality too strict" time="0.026" classname="">
      <failure message="password authentication failed for user &quot;andrewli&quot;" type="error"><![CDATA[error: password authentication failed for user "andrewli"
    at C:\Users\datmu\Documents\wildwhere\WildWhere\backend\node_modules\pg-pool\index.js:45:11
    at process.processTicksAndRejections (node:internal/process/task_queues:95:5)
    at async teardown (test\reports.test.js:23:5)
    at async Context.<anonymous> (test\reports.test.js:51:9)]]></failure>
    </testcase>
    <testcase name="REPORTS: normal functionality multiple posts" time="0.027" classname="">
      <failure message="password authentication failed for user &quot;andrewli&quot;" type="error"><![CDATA[error: password authentication failed for user "andrewli"
    at C:\Users\datmu\Documents\wildwhere\WildWhere\backend\node_modules\pg-pool\index.js:45:11
    at process.processTicksAndRejections (node:internal/process/task_queues:95:5)
    at async teardown (test\reports.test.js:23:5)
    at async Context.<anonymous> (test\reports.test.js:73:9)]]></failure>
    </testcase>
    <testcase name="REPORTS: normal functionality" time="0.027" classname="">
      <failure message="password authentication failed for user &quot;andrewli&quot;" type="error"><![CDATA[error: password authentication failed for user "andrewli"
    at C:\Users\datmu\Documents\wildwhere\WildWhere\backend\node_modules\pg-pool\index.js:45:11
    at process.processTicksAndRejections (node:internal/process/task_queues:95:5)
    at async teardown (test\reports.test.js:23:5)
    at async Context.<anonymous> (test\reports.test.js:105:9)]]></failure>
    </testcase>
    <testcase name="REPORTS: missing pid" time="0.027" classname="">
      <failure message="password authentication failed for user &quot;andrewli&quot;" type="error"><![CDATA[error: password authentication failed for user "andrewli"
    at C:\Users\datmu\Documents\wildwhere\WildWhere\backend\node_modules\pg-pool\index.js:45:11
    at process.processTicksAndRejections (node:internal/process/task_queues:95:5)
    at async teardown (test\reports.test.js:23:5)
    at async Context.<anonymous> (test\reports.test.js:118:9)]]></failure>
    </testcase>
    <testcase name="REPORTS: missing uid" time="0.027" classname="">
      <failure message="password authentication failed for user &quot;andrewli&quot;" type="error"><![CDATA[error: password authentication failed for user "andrewli"
    at C:\Users\datmu\Documents\wildwhere\WildWhere\backend\node_modules\pg-pool\index.js:45:11
    at process.processTicksAndRejections (node:internal/process/task_queues:95:5)
    at async teardown (test\reports.test.js:23:5)
    at async Context.<anonymous> (test\reports.test.js:131:9)]]></failure>
    </testcase>
    <testcase name="REPORTS: missing reason" time="0.028" classname="">
      <failure message="password authentication failed for user &quot;andrewli&quot;" type="error"><![CDATA[error: password authentication failed for user "andrewli"
    at C:\Users\datmu\Documents\wildwhere\WildWhere\backend\node_modules\pg-pool\index.js:45:11
    at process.processTicksAndRejections (node:internal/process/task_queues:95:5)
    at async teardown (test\reports.test.js:23:5)
    at async Context.<anonymous> (test\reports.test.js:144:9)]]></failure>
    </testcase>
    <testcase name="USER: test select with empty" time="0.028" classname="">
      <failure message="password authentication failed for user &quot;andrewli&quot;" type="error"><![CDATA[error: password authentication failed for user "andrewli"
    at C:\Users\datmu\Documents\wildwhere\WildWhere\backend\node_modules\pg-pool\index.js:45:11
    at process.processTicksAndRejections (node:internal/process/task_queues:95:5)
    at async teardown (test\users.test.js:23:5)
    at async Context.<anonymous> (test\users.test.js:30:9)]]></failure>
    </testcase>
    <testcase name="USER: test select with no matching criteria" time="0.030" classname="">
      <failure message="password authentication failed for user &quot;andrewli&quot;" type="error"><![CDATA[error: password authentication failed for user "andrewli"
    at C:\Users\datmu\Documents\wildwhere\WildWhere\backend\node_modules\pg-pool\index.js:45:11
    at process.processTicksAndRejections (node:internal/process/task_queues:95:5)
    at async teardown (test\users.test.js:23:5)
    at async Context.<anonymous> (test\users.test.js:37:9)]]></failure>
    </testcase>
    <testcase name="USER: test select with some constraints" time="0.029" classname="">
      <failure message="password authentication failed for user &quot;andrewli&quot;" type="error"><![CDATA[error: password authentication failed for user "andrewli"
    at C:\Users\datmu\Documents\wildwhere\WildWhere\backend\node_modules\pg-pool\index.js:45:11
    at process.processTicksAndRejections (node:internal/process/task_queues:95:5)
    at async teardown (test\users.test.js:23:5)
    at async Context.<anonymous> (test\users.test.js:48:9)]]></failure>
    </testcase>
    <testcase name="USER: test select with ALL constraints" time="0.029" classname="">
      <failure message="password authentication failed for user &quot;andrewli&quot;" type="error"><![CDATA[error: password authentication failed for user "andrewli"
    at C:\Users\datmu\Documents\wildwhere\WildWhere\backend\node_modules\pg-pool\index.js:45:11
    at process.processTicksAndRejections (node:internal/process/task_queues:95:5)
    at async teardown (test\users.test.js:23:5)
    at async Context.<anonymous> (test\users.test.js:72:9)]]></failure>
    </testcase>
    <testcase name="USER: test select with many users" time="0.028" classname="">
      <failure message="password authentication failed for user &quot;andrewli&quot;" type="error"><![CDATA[error: password authentication failed for user "andrewli"
    at C:\Users\datmu\Documents\wildwhere\WildWhere\backend\node_modules\pg-pool\index.js:45:11
    at process.processTicksAndRejections (node:internal/process/task_queues:95:5)
    at async teardown (test\users.test.js:23:5)
    at async Context.<anonymous> (test\users.test.js:108:9)]]></failure>
    </testcase>
    <testcase name="USER: test create" time="0.027" classname="">
      <failure message="password authentication failed for user &quot;andrewli&quot;" type="error"><![CDATA[error: password authentication failed for user "andrewli"
    at C:\Users\datmu\Documents\wildwhere\WildWhere\backend\node_modules\pg-pool\index.js:45:11
    at process.processTicksAndRejections (node:internal/process/task_queues:95:5)
    at async teardown (test\users.test.js:23:5)
    at async Context.<anonymous> (test\users.test.js:147:9)]]></failure>
    </testcase>
    <testcase name="USER: test create without uid" time="0.026" classname="">
      <failure message="password authentication failed for user &quot;andrewli&quot;" type="error"><![CDATA[error: password authentication failed for user "andrewli"
    at C:\Users\datmu\Documents\wildwhere\WildWhere\backend\node_modules\pg-pool\index.js:45:11
    at process.processTicksAndRejections (node:internal/process/task_queues:95:5)
    at async teardown (test\users.test.js:23:5)
    at async Context.<anonymous> (test\users.test.js:156:9)]]></failure>
    </testcase>
    <testcase name="USER: test create with all params" time="0.026" classname="">
      <failure message="password authentication failed for user &quot;andrewli&quot;" type="error"><![CDATA[error: password authentication failed for user "andrewli"
    at C:\Users\datmu\Documents\wildwhere\WildWhere\backend\node_modules\pg-pool\index.js:45:11
    at process.processTicksAndRejections (node:internal/process/task_queues:95:5)
    at async teardown (test\users.test.js:23:5)
    at async Context.<anonymous> (test\users.test.js:163:9)]]></failure>
    </testcase>
    <testcase name="USER: test create with camel case qualifiers" time="0.027" classname="">
      <failure message="password authentication failed for user &quot;andrewli&quot;" type="error"><![CDATA[error: password authentication failed for user "andrewli"
    at C:\Users\datmu\Documents\wildwhere\WildWhere\backend\node_modules\pg-pool\index.js:45:11
    at process.processTicksAndRejections (node:internal/process/task_queues:95:5)
    at async teardown (test\users.test.js:23:5)
    at async Context.<anonymous> (test\users.test.js:205:9)]]></failure>
    </testcase>
    <testcase name="USER: test create with lower case qualifiers" time="0.026" classname="">
      <failure message="password authentication failed for user &quot;andrewli&quot;" type="error"><![CDATA[error: password authentication failed for user "andrewli"
    at C:\Users\datmu\Documents\wildwhere\WildWhere\backend\node_modules\pg-pool\index.js:45:11
    at process.processTicksAndRejections (node:internal/process/task_queues:95:5)
    at async teardown (test\users.test.js:23:5)
    at async Context.<anonymous> (test\users.test.js:231:9)]]></failure>
    </testcase>
    <testcase name="USER: test create with some but not all params" time="0.026" classname="">
      <failure message="password authentication failed for user &quot;andrewli&quot;" type="error"><![CDATA[error: password authentication failed for user "andrewli"
    at C:\Users\datmu\Documents\wildwhere\WildWhere\backend\node_modules\pg-pool\index.js:45:11
    at process.processTicksAndRejections (node:internal/process/task_queues:95:5)
    at async teardown (test\users.test.js:23:5)
    at async Context.<anonymous> (test\users.test.js:257:9)]]></failure>
    </testcase>
    <testcase name="USER: update user with email" time="0.027" classname="">
      <failure message="password authentication failed for user &quot;andrewli&quot;" type="error"><![CDATA[error: password authentication failed for user "andrewli"
    at C:\Users\datmu\Documents\wildwhere\WildWhere\backend\node_modules\pg-pool\index.js:45:11
    at process.processTicksAndRejections (node:internal/process/task_queues:95:5)
    at async teardown (test\users.test.js:23:5)
    at async Context.<anonymous> (test\users.test.js:280:9)]]></failure>
    </testcase>
    <testcase name="USER: update user, set field to empty string" time="0.027" classname="">
      <failure message="password authentication failed for user &quot;andrewli&quot;" type="error"><![CDATA[error: password authentication failed for user "andrewli"
    at C:\Users\datmu\Documents\wildwhere\WildWhere\backend\node_modules\pg-pool\index.js:45:11
    at process.processTicksAndRejections (node:internal/process/task_queues:95:5)
    at async teardown (test\users.test.js:23:5)
    at async Context.<anonymous> (test\users.test.js:308:9)]]></failure>
    </testcase>
    <testcase name="USER: update user, update all fields" time="0.026" classname="">
      <failure message="password authentication failed for user &quot;andrewli&quot;" type="error"><![CDATA[error: password authentication failed for user "andrewli"
    at C:\Users\datmu\Documents\wildwhere\WildWhere\backend\node_modules\pg-pool\index.js:45:11
    at process.processTicksAndRejections (node:internal/process/task_queues:95:5)
    at async teardown (test\users.test.js:23:5)
    at async Context.<anonymous> (test\users.test.js:336:9)]]></failure>
    </testcase>
    <testcase name="USER: update user, update with camelcase" time="0.026" classname="">
      <failure message="password authentication failed for user &quot;andrewli&quot;" type="error"><![CDATA[error: password authentication failed for user "andrewli"
    at C:\Users\datmu\Documents\wildwhere\WildWhere\backend\node_modules\pg-pool\index.js:45:11
    at process.processTicksAndRejections (node:internal/process/task_queues:95:5)
    at async teardown (test\users.test.js:23:5)
    at async Context.<anonymous> (test\users.test.js:364:9)]]></failure>
    </testcase>
    <testcase name="USER: update user, update with lowercase" time="0.026" classname="">
      <failure message="password authentication failed for user &quot;andrewli&quot;" type="error"><![CDATA[error: password authentication failed for user "andrewli"
    at C:\Users\datmu\Documents\wildwhere\WildWhere\backend\node_modules\pg-pool\index.js:45:11
    at process.processTicksAndRejections (node:internal/process/task_queues:95:5)
    at async teardown (test\users.test.js:23:5)
    at async Context.<anonymous> (test\users.test.js:391:9)]]></failure>
    </testcase>
    <testcase name="USER: update user without updates" time="0.027" classname="">
      <failure message="password authentication failed for user &quot;andrewli&quot;" type="error"><![CDATA[error: password authentication failed for user "andrewli"
    at C:\Users\datmu\Documents\wildwhere\WildWhere\backend\node_modules\pg-pool\index.js:45:11
    at process.processTicksAndRejections (node:internal/process/task_queues:95:5)
    at async teardown (test\users.test.js:23:5)
    at async Context.<anonymous> (test\users.test.js:418:9)]]></failure>
    </testcase>
    <testcase name="USER: update user without uid" time="0.026" classname="">
      <failure message="password authentication failed for user &quot;andrewli&quot;" type="error"><![CDATA[error: password authentication failed for user "andrewli"
    at C:\Users\datmu\Documents\wildwhere\WildWhere\backend\node_modules\pg-pool\index.js:45:11
    at process.processTicksAndRejections (node:internal/process/task_queues:95:5)
    at async teardown (test\users.test.js:23:5)
    at async Context.<anonymous> (test\users.test.js:428:9)]]></failure>
    </testcase>
    <testcase name="USER: delete user by ID" time="0.026" classname="">
      <failure message="password authentication failed for user &quot;andrewli&quot;" type="error"><![CDATA[error: password authentication failed for user "andrewli"
    at C:\Users\datmu\Documents\wildwhere\WildWhere\backend\node_modules\pg-pool\index.js:45:11
    at process.processTicksAndRejections (node:internal/process/task_queues:95:5)
    at async teardown (test\users.test.js:23:5)
    at async Context.<anonymous> (test\users.test.js:440:9)]]></failure>
    </testcase>
    <testcase name="USER: delete user by ID where ID not listed" time="0.026" classname="">
      <failure message="password authentication failed for user &quot;andrewli&quot;" type="error"><![CDATA[error: password authentication failed for user "andrewli"
    at C:\Users\datmu\Documents\wildwhere\WildWhere\backend\node_modules\pg-pool\index.js:45:11
    at process.processTicksAndRejections (node:internal/process/task_queues:95:5)
    at async teardown (test\users.test.js:23:5)
    at async Context.<anonymous> (test\users.test.js:453:9)]]></failure>
    </testcase>
    <testcase name="USER: delete user by ID without uid" time="0.025" classname="">
      <failure message="password authentication failed for user &quot;andrewli&quot;" type="error"><![CDATA[error: password authentication failed for user "andrewli"
    at C:\Users\datmu\Documents\wildwhere\WildWhere\backend\node_modules\pg-pool\index.js:45:11
    at process.processTicksAndRejections (node:internal/process/task_queues:95:5)
    at async teardown (test\users.test.js:23:5)
    at async Context.<anonymous> (test\users.test.js:460:9)]]></failure>
>>>>>>> e773015180389f67eafe8dc19e5f6b3741b53c20
    </testcase>
  </testsuite>
</testsuites>